mode: set
github.com/dCremins/practice/Add2Num/main.go:9.13,13.2 3 0
github.com/dCremins/practice/Add2Num/main.go:15.32,17.22 2 0
github.com/dCremins/practice/Add2Num/main.go:20.2,20.20 1 0
github.com/dCremins/practice/Add2Num/main.go:17.22,19.3 1 0
github.com/dCremins/practice/Add2Num/main.go:23.29,25.25 2 0
github.com/dCremins/practice/Add2Num/main.go:29.2,31.16 3 0
github.com/dCremins/practice/Add2Num/main.go:34.2,34.15 1 0
github.com/dCremins/practice/Add2Num/main.go:25.25,28.6 2 0
github.com/dCremins/practice/Add2Num/main.go:31.16,33.3 1 0
github.com/dCremins/practice/Add2Num/main.go:37.25,40.12 2 0
github.com/dCremins/practice/Add2Num/main.go:44.2,44.13 1 0
github.com/dCremins/practice/Add2Num/main.go:48.2,48.18 1 0
github.com/dCremins/practice/Add2Num/main.go:40.12,42.3 1 0
github.com/dCremins/practice/Add2Num/main.go:44.13,47.6 2 0
github.com/dCremins/practice/Add2Num/main.go:51.46,59.2 7 0
